2022-06-22 18:00:21,831 :INFO : test_formSubmission :first name is Shubham
2022-06-22 18:00:27,704 :INFO : test_e2e :getting all the card titles
2022-06-22 18:00:27,751 :INFO : test_e2e :iphone X
2022-06-22 18:00:27,772 :INFO : test_e2e :Samsung Note 8
2022-06-22 18:00:27,791 :INFO : test_e2e :Nokia Edge
2022-06-22 18:00:27,805 :INFO : test_e2e :Blackberry
2022-06-22 18:00:28,063 :INFO : test_e2e :Entering country name as ind
2022-06-22 18:00:33,716 :INFO : test_e2e :Text received from application is ×
Success! Thank you! Your order will be delivered in next few weeks :-).
2022-06-22 18:01:40,762 :INFO : test_formSubmission :first name is Shubham
2022-06-22 18:02:37,541 :INFO : test_e2e :getting all the card titles
2022-06-22 18:02:37,610 :INFO : test_e2e :iphone X
2022-06-22 18:02:37,639 :INFO : test_e2e :Samsung Note 8
2022-06-22 18:02:37,665 :INFO : test_e2e :Nokia Edge
2022-06-22 18:02:37,691 :INFO : test_e2e :Blackberry
2022-06-22 18:02:38,003 :INFO : test_e2e :Entering country name as ind
2022-06-22 18:02:43,752 :INFO : test_e2e :Text received from application is ×
Success! Thank you! Your order will be delivered in next few weeks :-).
2022-06-22 18:05:10,776 :INFO : test_formSubmission :first name is Shubham
2022-06-22 18:05:16,666 :INFO : test_e2e :getting all the card titles
2022-06-22 18:05:16,709 :INFO : test_e2e :iphone X
2022-06-22 18:05:16,731 :INFO : test_e2e :Samsung Note 8
2022-06-22 18:05:16,747 :INFO : test_e2e :Nokia Edge
2022-06-22 18:05:16,760 :INFO : test_e2e :Blackberry
2022-06-22 18:05:17,027 :INFO : test_e2e :Entering country name as ind
2022-06-22 18:05:22,593 :INFO : test_e2e :Text received from application is ×
Success! Thank you! Your order will be delivered in next few weeks :-).
2022-06-22 18:09:02,062 :INFO : test_formSubmission :first name is Shubham
2022-06-22 18:09:07,581 :INFO : test_e2e :getting all the card titles
2022-06-22 18:09:07,641 :INFO : test_e2e :iphone X
2022-06-22 18:09:07,663 :INFO : test_e2e :Samsung Note 8
2022-06-22 18:09:07,686 :INFO : test_e2e :Nokia Edge
2022-06-22 18:09:07,705 :INFO : test_e2e :Blackberry
2022-06-22 18:09:07,940 :INFO : test_e2e :Entering country name as ind
2022-06-22 18:09:13,540 :INFO : test_e2e :Text received from application is ×
Success! Thank you! Your order will be delivered in next few weeks :-).
2022-06-22 18:13:51,221 :INFO : test_formSubmission :first name is Shubham
2022-06-22 18:14:29,641 :INFO : test_e2e :getting all the card titles
2022-06-22 18:14:29,691 :INFO : test_e2e :iphone X
2022-06-22 18:14:29,712 :INFO : test_e2e :Samsung Note 8
2022-06-22 18:14:29,731 :INFO : test_e2e :Nokia Edge
2022-06-22 18:14:29,753 :INFO : test_e2e :Blackberry
2022-06-22 18:14:30,034 :INFO : test_e2e :Entering country name as ind
2022-06-22 18:14:35,694 :INFO : test_e2e :Text received from application is ×
Success! Thank you! Your order will be delivered in next few weeks :-).
